{"/home/ghofrandayyat/code-401/auth-api/api-server/src/middleware/logger.js": {"path":"/home/ghofrandayyat/code-401/auth-api/api-server/src/middleware/logger.js","statementMap":{"0":{"start":{"line":5,"column":15},"end":{"line":10,"column":1}},"1":{"start":{"line":6,"column":2},"end":{"line":6,"column":48}},"2":{"start":{"line":9,"column":2},"end":{"line":9,"column":9}},"3":{"start":{"line":12,"column":0},"end":{"line":12,"column":24}}},"fnMap":{"0":{"name":"(anonymous_0)","decl":{"start":{"line":5,"column":15},"end":{"line":5,"column":16}},"loc":{"start":{"line":5,"column":35},"end":{"line":10,"column":1}},"line":5}},"branchMap":{},"s":{"0":2,"1":19,"2":19,"3":2},"f":{"0":19},"b":{},"_coverageSchema":"1a1c01bbd47fc00a2c39e90264f33305004495a9","hash":"115bc9aae01dbb3aeac094d47547c9a005c9874d"}
,"/home/ghofrandayyat/code-401/auth-api/api-server/src/models/data-collection.js": {"path":"/home/ghofrandayyat/code-401/auth-api/api-server/src/models/data-collection.js","statementMap":{"0":{"start":{"line":10,"column":4},"end":{"line":10,"column":23}},"1":{"start":{"line":14,"column":4},"end":{"line":19,"column":5}},"2":{"start":{"line":15,"column":6},"end":{"line":15,"column":41}},"3":{"start":{"line":18,"column":6},"end":{"line":18,"column":33}},"4":{"start":{"line":23,"column":20},"end":{"line":23,"column":42}},"5":{"start":{"line":24,"column":4},"end":{"line":24,"column":28}},"6":{"start":{"line":28,"column":4},"end":{"line":28,"column":68}},"7":{"start":{"line":32,"column":4},"end":{"line":32,"column":45}},"8":{"start":{"line":37,"column":0},"end":{"line":37,"column":32}}},"fnMap":{"0":{"name":"(anonymous_0)","decl":{"start":{"line":9,"column":2},"end":{"line":9,"column":3}},"loc":{"start":{"line":9,"column":21},"end":{"line":11,"column":3}},"line":9},"1":{"name":"(anonymous_1)","decl":{"start":{"line":13,"column":2},"end":{"line":13,"column":3}},"loc":{"start":{"line":13,"column":11},"end":{"line":20,"column":3}},"line":13},"2":{"name":"(anonymous_2)","decl":{"start":{"line":22,"column":2},"end":{"line":22,"column":3}},"loc":{"start":{"line":22,"column":17},"end":{"line":25,"column":3}},"line":22},"3":{"name":"(anonymous_3)","decl":{"start":{"line":27,"column":2},"end":{"line":27,"column":3}},"loc":{"start":{"line":27,"column":22},"end":{"line":29,"column":3}},"line":27},"4":{"name":"(anonymous_4)","decl":{"start":{"line":31,"column":2},"end":{"line":31,"column":3}},"loc":{"start":{"line":31,"column":14},"end":{"line":33,"column":3}},"line":31}},"branchMap":{"0":{"loc":{"start":{"line":14,"column":4},"end":{"line":19,"column":5}},"type":"if","locations":[{"start":{"line":14,"column":4},"end":{"line":19,"column":5}},{"start":{"line":14,"column":4},"end":{"line":19,"column":5}}],"line":14}},"s":{"0":2,"1":7,"2":4,"3":3,"4":2,"5":2,"6":2,"7":2,"8":2},"f":{"0":2,"1":7,"2":2,"3":2,"4":2},"b":{"0":[4,3]},"_coverageSchema":"1a1c01bbd47fc00a2c39e90264f33305004495a9","hash":"b410720ae6f9cc221172d1324ad8a25c224d8c9c"}
,"/home/ghofrandayyat/code-401/auth-api/api-server/src/models/food/model.js": {"path":"/home/ghofrandayyat/code-401/auth-api/api-server/src/models/food/model.js","statementMap":{"0":{"start":{"line":3,"column":17},"end":{"line":3,"column":36}},"1":{"start":{"line":5,"column":19},"end":{"line":9,"column":2}},"2":{"start":{"line":11,"column":18},"end":{"line":11,"column":52}},"3":{"start":{"line":13,"column":0},"end":{"line":13,"column":27}}},"fnMap":{},"branchMap":{},"s":{"0":2,"1":2,"2":2,"3":2},"f":{},"b":{},"_coverageSchema":"1a1c01bbd47fc00a2c39e90264f33305004495a9","hash":"8ecd287308605e9f14802789c04cf26f4999d8a3"}
,"/home/ghofrandayyat/code-401/auth-api/api-server/src/routes/v1.js": {"path":"/home/ghofrandayyat/code-401/auth-api/api-server/src/routes/v1.js","statementMap":{"0":{"start":{"line":3,"column":11},"end":{"line":3,"column":24}},"1":{"start":{"line":4,"column":16},"end":{"line":4,"column":34}},"2":{"start":{"line":5,"column":19},"end":{"line":5,"column":58}},"3":{"start":{"line":7,"column":15},"end":{"line":7,"column":31}},"4":{"start":{"line":9,"column":15},"end":{"line":9,"column":24}},"5":{"start":{"line":11,"column":0},"end":{"line":28,"column":3}},"6":{"start":{"line":12,"column":20},"end":{"line":12,"column":36}},"7":{"start":{"line":13,"column":2},"end":{"line":27,"column":3}},"8":{"start":{"line":14,"column":4},"end":{"line":14,"column":38}},"9":{"start":{"line":15,"column":4},"end":{"line":15,"column":11}},"10":{"start":{"line":17,"column":21},"end":{"line":17,"column":67}},"11":{"start":{"line":18,"column":4},"end":{"line":26,"column":5}},"12":{"start":{"line":19,"column":20},"end":{"line":19,"column":37}},"13":{"start":{"line":20,"column":6},"end":{"line":20,"column":51}},"14":{"start":{"line":21,"column":6},"end":{"line":21,"column":40}},"15":{"start":{"line":22,"column":6},"end":{"line":22,"column":13}},"16":{"start":{"line":25,"column":6},"end":{"line":25,"column":28}},"17":{"start":{"line":30,"column":0},"end":{"line":30,"column":36}},"18":{"start":{"line":31,"column":0},"end":{"line":31,"column":40}},"19":{"start":{"line":32,"column":0},"end":{"line":32,"column":37}},"20":{"start":{"line":33,"column":0},"end":{"line":33,"column":40}},"21":{"start":{"line":34,"column":0},"end":{"line":34,"column":43}},"22":{"start":{"line":37,"column":19},"end":{"line":37,"column":40}},"23":{"start":{"line":38,"column":2},"end":{"line":38,"column":35}},"24":{"start":{"line":42,"column":13},"end":{"line":42,"column":26}},"25":{"start":{"line":43,"column":18},"end":{"line":43,"column":41}},"26":{"start":{"line":44,"column":2},"end":{"line":44,"column":34}},"27":{"start":{"line":48,"column":12},"end":{"line":48,"column":20}},"28":{"start":{"line":49,"column":18},"end":{"line":49,"column":45}},"29":{"start":{"line":50,"column":2},"end":{"line":50,"column":34}},"30":{"start":{"line":54,"column":13},"end":{"line":54,"column":26}},"31":{"start":{"line":55,"column":14},"end":{"line":55,"column":22}},"32":{"start":{"line":56,"column":22},"end":{"line":56,"column":53}},"33":{"start":{"line":57,"column":2},"end":{"line":57,"column":38}},"34":{"start":{"line":61,"column":11},"end":{"line":61,"column":24}},"35":{"start":{"line":62,"column":22},"end":{"line":62,"column":48}},"36":{"start":{"line":63,"column":2},"end":{"line":63,"column":38}},"37":{"start":{"line":67,"column":0},"end":{"line":67,"column":24}}},"fnMap":{"0":{"name":"(anonymous_0)","decl":{"start":{"line":11,"column":22},"end":{"line":11,"column":23}},"loc":{"start":{"line":11,"column":42},"end":{"line":28,"column":1}},"line":11},"1":{"name":"handleGetAll","decl":{"start":{"line":36,"column":15},"end":{"line":36,"column":27}},"loc":{"start":{"line":36,"column":38},"end":{"line":39,"column":1}},"line":36},"2":{"name":"handleGetOne","decl":{"start":{"line":41,"column":15},"end":{"line":41,"column":27}},"loc":{"start":{"line":41,"column":38},"end":{"line":45,"column":1}},"line":41},"3":{"name":"handleCreate","decl":{"start":{"line":47,"column":15},"end":{"line":47,"column":27}},"loc":{"start":{"line":47,"column":38},"end":{"line":51,"column":1}},"line":47},"4":{"name":"handleUpdate","decl":{"start":{"line":53,"column":15},"end":{"line":53,"column":27}},"loc":{"start":{"line":53,"column":38},"end":{"line":58,"column":1}},"line":53},"5":{"name":"handleDelete","decl":{"start":{"line":60,"column":15},"end":{"line":60,"column":27}},"loc":{"start":{"line":60,"column":38},"end":{"line":64,"column":1}},"line":60}},"branchMap":{"0":{"loc":{"start":{"line":13,"column":2},"end":{"line":27,"column":3}},"type":"if","locations":[{"start":{"line":13,"column":2},"end":{"line":27,"column":3}},{"start":{"line":13,"column":2},"end":{"line":27,"column":3}}],"line":13},"1":{"loc":{"start":{"line":18,"column":4},"end":{"line":26,"column":5}},"type":"if","locations":[{"start":{"line":18,"column":4},"end":{"line":26,"column":5}},{"start":{"line":18,"column":4},"end":{"line":26,"column":5}}],"line":18}},"s":{"0":2,"1":2,"2":2,"3":2,"4":2,"5":2,"6":7,"7":7,"8":6,"9":6,"10":1,"11":1,"12":1,"13":1,"14":1,"15":1,"16":0,"17":2,"18":2,"19":2,"20":2,"21":2,"22":2,"23":2,"24":2,"25":2,"26":2,"27":1,"28":1,"29":1,"30":1,"31":1,"32":1,"33":1,"34":1,"35":1,"36":1,"37":2},"f":{"0":7,"1":2,"2":2,"3":1,"4":1,"5":1},"b":{"0":[6,1],"1":[1,0]},"_coverageSchema":"1a1c01bbd47fc00a2c39e90264f33305004495a9","hash":"556cec8e38cadfa6f5723347a5c906b6417463e2"}
,"/home/ghofrandayyat/code-401/auth-api/api-server/src/routes/v2.js": {"path":"/home/ghofrandayyat/code-401/auth-api/api-server/src/routes/v2.js","statementMap":{"0":{"start":{"line":3,"column":11},"end":{"line":3,"column":24}},"1":{"start":{"line":4,"column":16},"end":{"line":4,"column":34}},"2":{"start":{"line":5,"column":19},"end":{"line":5,"column":58}},"3":{"start":{"line":6,"column":18},"end":{"line":6,"column":75}},"4":{"start":{"line":7,"column":19},"end":{"line":7,"column":77}},"5":{"start":{"line":8,"column":20},"end":{"line":8,"column":75}},"6":{"start":{"line":9,"column":15},"end":{"line":9,"column":31}},"7":{"start":{"line":11,"column":15},"end":{"line":11,"column":24}},"8":{"start":{"line":13,"column":0},"end":{"line":30,"column":3}},"9":{"start":{"line":14,"column":20},"end":{"line":14,"column":36}},"10":{"start":{"line":15,"column":2},"end":{"line":29,"column":3}},"11":{"start":{"line":16,"column":4},"end":{"line":16,"column":38}},"12":{"start":{"line":17,"column":4},"end":{"line":17,"column":11}},"13":{"start":{"line":19,"column":21},"end":{"line":19,"column":67}},"14":{"start":{"line":20,"column":4},"end":{"line":28,"column":5}},"15":{"start":{"line":21,"column":20},"end":{"line":21,"column":37}},"16":{"start":{"line":22,"column":6},"end":{"line":22,"column":51}},"17":{"start":{"line":23,"column":6},"end":{"line":23,"column":40}},"18":{"start":{"line":24,"column":6},"end":{"line":24,"column":13}},"19":{"start":{"line":27,"column":6},"end":{"line":27,"column":28}},"20":{"start":{"line":32,"column":0},"end":{"line":32,"column":36}},"21":{"start":{"line":33,"column":0},"end":{"line":33,"column":40}},"22":{"start":{"line":34,"column":0},"end":{"line":34,"column":70}},"23":{"start":{"line":35,"column":0},"end":{"line":35,"column":73}},"24":{"start":{"line":36,"column":0},"end":{"line":36,"column":76}},"25":{"start":{"line":39,"column":19},"end":{"line":39,"column":40}},"26":{"start":{"line":40,"column":2},"end":{"line":40,"column":35}},"27":{"start":{"line":44,"column":13},"end":{"line":44,"column":26}},"28":{"start":{"line":45,"column":18},"end":{"line":45,"column":41}},"29":{"start":{"line":46,"column":2},"end":{"line":46,"column":34}},"30":{"start":{"line":50,"column":12},"end":{"line":50,"column":20}},"31":{"start":{"line":51,"column":18},"end":{"line":51,"column":45}},"32":{"start":{"line":52,"column":2},"end":{"line":52,"column":34}},"33":{"start":{"line":56,"column":13},"end":{"line":56,"column":26}},"34":{"start":{"line":57,"column":14},"end":{"line":57,"column":22}},"35":{"start":{"line":58,"column":22},"end":{"line":58,"column":53}},"36":{"start":{"line":59,"column":2},"end":{"line":59,"column":38}},"37":{"start":{"line":63,"column":11},"end":{"line":63,"column":24}},"38":{"start":{"line":64,"column":22},"end":{"line":64,"column":48}},"39":{"start":{"line":65,"column":2},"end":{"line":65,"column":38}},"40":{"start":{"line":69,"column":0},"end":{"line":69,"column":24}}},"fnMap":{"0":{"name":"(anonymous_0)","decl":{"start":{"line":13,"column":22},"end":{"line":13,"column":23}},"loc":{"start":{"line":13,"column":42},"end":{"line":30,"column":1}},"line":13},"1":{"name":"handleGetAll","decl":{"start":{"line":38,"column":15},"end":{"line":38,"column":27}},"loc":{"start":{"line":38,"column":38},"end":{"line":41,"column":1}},"line":38},"2":{"name":"handleGetOne","decl":{"start":{"line":43,"column":15},"end":{"line":43,"column":27}},"loc":{"start":{"line":43,"column":38},"end":{"line":47,"column":1}},"line":43},"3":{"name":"handleCreate","decl":{"start":{"line":49,"column":15},"end":{"line":49,"column":27}},"loc":{"start":{"line":49,"column":38},"end":{"line":53,"column":1}},"line":49},"4":{"name":"handleUpdate","decl":{"start":{"line":55,"column":15},"end":{"line":55,"column":27}},"loc":{"start":{"line":55,"column":38},"end":{"line":60,"column":1}},"line":55},"5":{"name":"handleDelete","decl":{"start":{"line":62,"column":15},"end":{"line":62,"column":27}},"loc":{"start":{"line":62,"column":38},"end":{"line":66,"column":1}},"line":62}},"branchMap":{"0":{"loc":{"start":{"line":15,"column":2},"end":{"line":29,"column":3}},"type":"if","locations":[{"start":{"line":15,"column":2},"end":{"line":29,"column":3}},{"start":{"line":15,"column":2},"end":{"line":29,"column":3}}],"line":15},"1":{"loc":{"start":{"line":20,"column":4},"end":{"line":28,"column":5}},"type":"if","locations":[{"start":{"line":20,"column":4},"end":{"line":28,"column":5}},{"start":{"line":20,"column":4},"end":{"line":28,"column":5}}],"line":20}},"s":{"0":2,"1":2,"2":2,"3":2,"4":2,"5":2,"6":2,"7":2,"8":2,"9":6,"10":6,"11":5,"12":5,"13":1,"14":1,"15":1,"16":1,"17":1,"18":1,"19":0,"20":2,"21":2,"22":2,"23":2,"24":2,"25":1,"26":1,"27":2,"28":2,"29":2,"30":1,"31":1,"32":1,"33":1,"34":1,"35":1,"36":1,"37":1,"38":1,"39":1,"40":2},"f":{"0":6,"1":1,"2":2,"3":1,"4":1,"5":1},"b":{"0":[5,1],"1":[1,0]},"_coverageSchema":"1a1c01bbd47fc00a2c39e90264f33305004495a9","hash":"4e2b0ed34770aa34c05685f4f612f1c0dc76a427"}
,"/home/ghofrandayyat/code-401/auth-api/auth-server/src/server.js": {"path":"/home/ghofrandayyat/code-401/auth-api/auth-server/src/server.js","statementMap":{"0":{"start":{"line":4,"column":16},"end":{"line":4,"column":34}},"1":{"start":{"line":5,"column":13},"end":{"line":5,"column":28}},"2":{"start":{"line":6,"column":15},"end":{"line":6,"column":32}},"3":{"start":{"line":9,"column":21},"end":{"line":9,"column":55}},"4":{"start":{"line":10,"column":17},"end":{"line":10,"column":51}},"5":{"start":{"line":11,"column":19},"end":{"line":11,"column":46}},"6":{"start":{"line":12,"column":15},"end":{"line":12,"column":64}},"7":{"start":{"line":13,"column":17},"end":{"line":13,"column":58}},"8":{"start":{"line":14,"column":17},"end":{"line":14,"column":58}},"9":{"start":{"line":16,"column":12},"end":{"line":16,"column":21}},"10":{"start":{"line":19,"column":0},"end":{"line":19,"column":16}},"11":{"start":{"line":20,"column":0},"end":{"line":20,"column":23}},"12":{"start":{"line":22,"column":0},"end":{"line":22,"column":24}},"13":{"start":{"line":23,"column":0},"end":{"line":23,"column":48}},"14":{"start":{"line":25,"column":0},"end":{"line":25,"column":16}},"15":{"start":{"line":28,"column":0},"end":{"line":28,"column":29}},"16":{"start":{"line":29,"column":0},"end":{"line":29,"column":29}},"17":{"start":{"line":30,"column":0},"end":{"line":30,"column":20}},"18":{"start":{"line":32,"column":0},"end":{"line":32,"column":18}},"19":{"start":{"line":33,"column":0},"end":{"line":33,"column":22}},"20":{"start":{"line":35,"column":0},"end":{"line":42,"column":2}},"21":{"start":{"line":38,"column":4},"end":{"line":40,"column":7}},"22":{"start":{"line":39,"column":6},"end":{"line":39,"column":42}}},"fnMap":{"0":{"name":"(anonymous_0)","decl":{"start":{"line":37,"column":9},"end":{"line":37,"column":10}},"loc":{"start":{"line":37,"column":19},"end":{"line":41,"column":3}},"line":37},"1":{"name":"(anonymous_1)","decl":{"start":{"line":38,"column":21},"end":{"line":38,"column":22}},"loc":{"start":{"line":38,"column":27},"end":{"line":40,"column":5}},"line":38}},"branchMap":{},"s":{"0":2,"1":2,"2":2,"3":2,"4":2,"5":2,"6":2,"7":2,"8":2,"9":2,"10":2,"11":2,"12":2,"13":2,"14":2,"15":2,"16":2,"17":2,"18":2,"19":2,"20":2,"21":0,"22":0},"f":{"0":0,"1":0},"b":{},"_coverageSchema":"1a1c01bbd47fc00a2c39e90264f33305004495a9","hash":"dcbeed49b793d1e3d6a088e9189cd170086facf3"}
,"/home/ghofrandayyat/code-401/auth-api/auth-server/src/auth/routes.js": {"path":"/home/ghofrandayyat/code-401/auth-api/auth-server/src/auth/routes.js","statementMap":{"0":{"start":{"line":3,"column":16},"end":{"line":3,"column":34}},"1":{"start":{"line":4,"column":19},"end":{"line":4,"column":35}},"2":{"start":{"line":6,"column":13},"end":{"line":6,"column":41}},"3":{"start":{"line":7,"column":18},"end":{"line":7,"column":50}},"4":{"start":{"line":8,"column":19},"end":{"line":8,"column":52}},"5":{"start":{"line":9,"column":20},"end":{"line":9,"column":50}},"6":{"start":{"line":11,"column":0},"end":{"line":23,"column":3}},"7":{"start":{"line":12,"column":2},"end":{"line":22,"column":3}},"8":{"start":{"line":13,"column":15},"end":{"line":13,"column":33}},"9":{"start":{"line":14,"column":23},"end":{"line":14,"column":40}},"10":{"start":{"line":15,"column":19},"end":{"line":18,"column":5}},"11":{"start":{"line":19,"column":4},"end":{"line":19,"column":33}},"12":{"start":{"line":21,"column":4},"end":{"line":21,"column":19}},"13":{"start":{"line":25,"column":0},"end":{"line":35,"column":2}},"14":{"start":{"line":26,"column":1},"end":{"line":34,"column":1}},"15":{"start":{"line":27,"column":15},"end":{"line":30,"column":3}},"16":{"start":{"line":31,"column":2},"end":{"line":31,"column":29}},"17":{"start":{"line":33,"column":2},"end":{"line":33,"column":9}},"18":{"start":{"line":37,"column":0},"end":{"line":45,"column":3}},"19":{"start":{"line":38,"column":0},"end":{"line":44,"column":1}},"20":{"start":{"line":39,"column":16},"end":{"line":39,"column":35}},"21":{"start":{"line":40,"column":15},"end":{"line":40,"column":47}},"22":{"start":{"line":40,"column":33},"end":{"line":40,"column":46}},"23":{"start":{"line":41,"column":2},"end":{"line":41,"column":29}},"24":{"start":{"line":43,"column":0},"end":{"line":43,"column":7}},"25":{"start":{"line":47,"column":0},"end":{"line":54,"column":3}},"26":{"start":{"line":48,"column":2},"end":{"line":53,"column":3}},"27":{"start":{"line":49,"column":4},"end":{"line":49,"column":54}},"28":{"start":{"line":52,"column":4},"end":{"line":52,"column":11}},"29":{"start":{"line":56,"column":0},"end":{"line":56,"column":28}}},"fnMap":{"0":{"name":"(anonymous_0)","decl":{"start":{"line":11,"column":27},"end":{"line":11,"column":28}},"loc":{"start":{"line":11,"column":53},"end":{"line":23,"column":1}},"line":11},"1":{"name":"(anonymous_1)","decl":{"start":{"line":25,"column":38},"end":{"line":25,"column":39}},"loc":{"start":{"line":25,"column":58},"end":{"line":35,"column":1}},"line":25},"2":{"name":"(anonymous_2)","decl":{"start":{"line":37,"column":60},"end":{"line":37,"column":61}},"loc":{"start":{"line":37,"column":86},"end":{"line":45,"column":1}},"line":37},"3":{"name":"(anonymous_3)","decl":{"start":{"line":40,"column":25},"end":{"line":40,"column":26}},"loc":{"start":{"line":40,"column":33},"end":{"line":40,"column":46}},"line":40},"4":{"name":"(anonymous_4)","decl":{"start":{"line":47,"column":38},"end":{"line":47,"column":39}},"loc":{"start":{"line":47,"column":64},"end":{"line":54,"column":1}},"line":47}},"branchMap":{},"s":{"0":2,"1":2,"2":2,"3":2,"4":2,"5":2,"6":2,"7":1,"8":1,"9":1,"10":1,"11":1,"12":0,"13":2,"14":5,"15":5,"16":5,"17":0,"18":2,"19":0,"20":0,"21":0,"22":0,"23":0,"24":0,"25":2,"26":0,"27":0,"28":0,"29":2},"f":{"0":1,"1":5,"2":0,"3":0,"4":0},"b":{},"_coverageSchema":"1a1c01bbd47fc00a2c39e90264f33305004495a9","hash":"80efd33e86dd7ba3c5d33a4e0d3807ac1e69a5ba"}
,"/home/ghofrandayyat/code-401/auth-api/auth-server/src/auth/middleware/acl.js": {"path":"/home/ghofrandayyat/code-401/auth-api/auth-server/src/auth/middleware/acl.js","statementMap":{"0":{"start":{"line":3,"column":0},"end":{"line":20,"column":2}},"1":{"start":{"line":5,"column":2},"end":{"line":18,"column":4}},"2":{"start":{"line":7,"column":4},"end":{"line":16,"column":5}},"3":{"start":{"line":8,"column":6},"end":{"line":13,"column":7}},"4":{"start":{"line":9,"column":8},"end":{"line":9,"column":15}},"5":{"start":{"line":12,"column":8},"end":{"line":12,"column":30}},"6":{"start":{"line":15,"column":6},"end":{"line":15,"column":28}}},"fnMap":{"0":{"name":"(anonymous_0)","decl":{"start":{"line":3,"column":17},"end":{"line":3,"column":18}},"loc":{"start":{"line":3,"column":33},"end":{"line":20,"column":1}},"line":3},"1":{"name":"(anonymous_1)","decl":{"start":{"line":5,"column":9},"end":{"line":5,"column":10}},"loc":{"start":{"line":5,"column":29},"end":{"line":18,"column":3}},"line":5}},"branchMap":{"0":{"loc":{"start":{"line":8,"column":6},"end":{"line":13,"column":7}},"type":"if","locations":[{"start":{"line":8,"column":6},"end":{"line":13,"column":7}},{"start":{"line":8,"column":6},"end":{"line":13,"column":7}}],"line":8}},"s":{"0":2,"1":8,"2":3,"3":3,"4":3,"5":0,"6":0},"f":{"0":8,"1":3},"b":{"0":[3,0]},"_coverageSchema":"1a1c01bbd47fc00a2c39e90264f33305004495a9","hash":"09acc8687e085b2e16bde4939ebf8bf6d9c5979c"}
,"/home/ghofrandayyat/code-401/auth-api/auth-server/src/auth/middleware/basic.js": {"path":"/home/ghofrandayyat/code-401/auth-api/auth-server/src/auth/middleware/basic.js","statementMap":{"0":{"start":{"line":3,"column":15},"end":{"line":3,"column":33}},"1":{"start":{"line":4,"column":13},"end":{"line":4,"column":42}},"2":{"start":{"line":6,"column":0},"end":{"line":24,"column":1}},"3":{"start":{"line":8,"column":2},"end":{"line":8,"column":58}},"4":{"start":{"line":8,"column":36},"end":{"line":8,"column":56}},"5":{"start":{"line":10,"column":14},"end":{"line":10,"column":56}},"6":{"start":{"line":11,"column":21},"end":{"line":11,"column":52}},"7":{"start":{"line":13,"column":2},"end":{"line":18,"column":3}},"8":{"start":{"line":14,"column":4},"end":{"line":14,"column":55}},"9":{"start":{"line":15,"column":4},"end":{"line":15,"column":11}},"10":{"start":{"line":17,"column":4},"end":{"line":17,"column":16}},"11":{"start":{"line":21,"column":4},"end":{"line":21,"column":42}}},"fnMap":{"0":{"name":"(anonymous_0)","decl":{"start":{"line":6,"column":17},"end":{"line":6,"column":18}},"loc":{"start":{"line":6,"column":43},"end":{"line":24,"column":1}},"line":6},"1":{"name":"_authError","decl":{"start":{"line":20,"column":11},"end":{"line":20,"column":21}},"loc":{"start":{"line":20,"column":24},"end":{"line":22,"column":3}},"line":20}},"branchMap":{"0":{"loc":{"start":{"line":8,"column":2},"end":{"line":8,"column":58}},"type":"if","locations":[{"start":{"line":8,"column":2},"end":{"line":8,"column":58}},{"start":{"line":8,"column":2},"end":{"line":8,"column":58}}],"line":8}},"s":{"0":2,"1":2,"2":2,"3":5,"4":0,"5":5,"6":5,"7":5,"8":5,"9":5,"10":0,"11":0},"f":{"0":5,"1":0},"b":{"0":[0,5]},"_coverageSchema":"1a1c01bbd47fc00a2c39e90264f33305004495a9","hash":"e0e1f50f6fe73e1184d62e1d101f88beb80ad813"}
,"/home/ghofrandayyat/code-401/auth-api/auth-server/src/auth/middleware/bearer.js": {"path":"/home/ghofrandayyat/code-401/auth-api/auth-server/src/auth/middleware/bearer.js","statementMap":{"0":{"start":{"line":3,"column":14},"end":{"line":3,"column":43}},"1":{"start":{"line":5,"column":0},"end":{"line":25,"column":1}},"2":{"start":{"line":7,"column":2},"end":{"line":20,"column":3}},"3":{"start":{"line":9,"column":4},"end":{"line":9,"column":52}},"4":{"start":{"line":9,"column":38},"end":{"line":9,"column":50}},"5":{"start":{"line":11,"column":18},"end":{"line":11,"column":60}},"6":{"start":{"line":12,"column":22},"end":{"line":12,"column":62}},"7":{"start":{"line":14,"column":4},"end":{"line":14,"column":25}},"8":{"start":{"line":15,"column":4},"end":{"line":15,"column":32}},"9":{"start":{"line":16,"column":4},"end":{"line":16,"column":11}},"10":{"start":{"line":19,"column":4},"end":{"line":19,"column":17}},"11":{"start":{"line":23,"column":4},"end":{"line":23,"column":42}}},"fnMap":{"0":{"name":"(anonymous_0)","decl":{"start":{"line":5,"column":17},"end":{"line":5,"column":18}},"loc":{"start":{"line":5,"column":43},"end":{"line":25,"column":1}},"line":5},"1":{"name":"_authError","decl":{"start":{"line":22,"column":11},"end":{"line":22,"column":21}},"loc":{"start":{"line":22,"column":24},"end":{"line":24,"column":3}},"line":22}},"branchMap":{"0":{"loc":{"start":{"line":9,"column":4},"end":{"line":9,"column":52}},"type":"if","locations":[{"start":{"line":9,"column":4},"end":{"line":9,"column":52}},{"start":{"line":9,"column":4},"end":{"line":9,"column":52}}],"line":9}},"s":{"0":2,"1":2,"2":3,"3":3,"4":0,"5":3,"6":3,"7":3,"8":3,"9":3,"10":0,"11":0},"f":{"0":3,"1":0},"b":{"0":[0,3]},"_coverageSchema":"1a1c01bbd47fc00a2c39e90264f33305004495a9","hash":"25b6233b19d47516b2e2250da73a551b2b08e0a3"}
,"/home/ghofrandayyat/code-401/auth-api/auth-server/src/auth/models/users.js": {"path":"/home/ghofrandayyat/code-401/auth-api/auth-server/src/auth/models/users.js","statementMap":{"0":{"start":{"line":2,"column":0},"end":{"line":2,"column":27}},"1":{"start":{"line":4,"column":17},"end":{"line":4,"column":36}},"2":{"start":{"line":5,"column":15},"end":{"line":5,"column":32}},"3":{"start":{"line":6,"column":12},"end":{"line":6,"column":35}},"4":{"start":{"line":8,"column":14},"end":{"line":12,"column":2}},"5":{"start":{"line":17,"column":0},"end":{"line":22,"column":3}},"6":{"start":{"line":18,"column":20},"end":{"line":20,"column":3}},"7":{"start":{"line":21,"column":2},"end":{"line":21,"column":50}},"8":{"start":{"line":24,"column":0},"end":{"line":31,"column":3}},"9":{"start":{"line":25,"column":12},"end":{"line":29,"column":3}},"10":{"start":{"line":30,"column":2},"end":{"line":30,"column":24}},"11":{"start":{"line":33,"column":0},"end":{"line":37,"column":3}},"12":{"start":{"line":34,"column":2},"end":{"line":36,"column":3}},"13":{"start":{"line":35,"column":4},"end":{"line":35,"column":57}},"14":{"start":{"line":40,"column":0},"end":{"line":45,"column":1}},"15":{"start":{"line":41,"column":15},"end":{"line":41,"column":47}},"16":{"start":{"line":42,"column":16},"end":{"line":42,"column":61}},"17":{"start":{"line":43,"column":2},"end":{"line":43,"column":29}},"18":{"start":{"line":43,"column":15},"end":{"line":43,"column":27}},"19":{"start":{"line":44,"column":2},"end":{"line":44,"column":34}},"20":{"start":{"line":48,"column":0},"end":{"line":57,"column":1}},"21":{"start":{"line":49,"column":2},"end":{"line":56,"column":3}},"22":{"start":{"line":50,"column":24},"end":{"line":50,"column":61}},"23":{"start":{"line":51,"column":17},"end":{"line":51,"column":65}},"24":{"start":{"line":52,"column":4},"end":{"line":52,"column":30}},"25":{"start":{"line":52,"column":16},"end":{"line":52,"column":28}},"26":{"start":{"line":53,"column":4},"end":{"line":53,"column":38}},"27":{"start":{"line":55,"column":4},"end":{"line":55,"column":30}},"28":{"start":{"line":60,"column":0},"end":{"line":60,"column":48}}},"fnMap":{"0":{"name":"(anonymous_0)","decl":{"start":{"line":17,"column":27},"end":{"line":17,"column":28}},"loc":{"start":{"line":17,"column":39},"end":{"line":22,"column":1}},"line":17},"1":{"name":"(anonymous_1)","decl":{"start":{"line":24,"column":34},"end":{"line":24,"column":35}},"loc":{"start":{"line":24,"column":46},"end":{"line":31,"column":1}},"line":24},"2":{"name":"(anonymous_2)","decl":{"start":{"line":33,"column":18},"end":{"line":33,"column":19}},"loc":{"start":{"line":33,"column":36},"end":{"line":37,"column":1}},"line":33},"3":{"name":"(anonymous_3)","decl":{"start":{"line":40,"column":34},"end":{"line":40,"column":35}},"loc":{"start":{"line":40,"column":70},"end":{"line":45,"column":1}},"line":40},"4":{"name":"(anonymous_4)","decl":{"start":{"line":48,"column":38},"end":{"line":48,"column":39}},"loc":{"start":{"line":48,"column":61},"end":{"line":57,"column":1}},"line":48}},"branchMap":{"0":{"loc":{"start":{"line":34,"column":2},"end":{"line":36,"column":3}},"type":"if","locations":[{"start":{"line":34,"column":2},"end":{"line":36,"column":3}},{"start":{"line":34,"column":2},"end":{"line":36,"column":3}}],"line":34},"1":{"loc":{"start":{"line":43,"column":2},"end":{"line":43,"column":29}},"type":"if","locations":[{"start":{"line":43,"column":2},"end":{"line":43,"column":29}},{"start":{"line":43,"column":2},"end":{"line":43,"column":29}}],"line":43},"2":{"loc":{"start":{"line":52,"column":4},"end":{"line":52,"column":30}},"type":"if","locations":[{"start":{"line":52,"column":4},"end":{"line":52,"column":30}},{"start":{"line":52,"column":4},"end":{"line":52,"column":30}}],"line":52}},"s":{"0":2,"1":2,"2":2,"3":2,"4":2,"5":2,"6":9,"7":9,"8":2,"9":3,"10":3,"11":2,"12":1,"13":1,"14":2,"15":5,"16":5,"17":5,"18":5,"19":0,"20":2,"21":3,"22":3,"23":3,"24":3,"25":3,"26":0,"27":0,"28":2},"f":{"0":9,"1":3,"2":1,"3":5,"4":3},"b":{"0":[1,0],"1":[5,0],"2":[3,0]},"_coverageSchema":"1a1c01bbd47fc00a2c39e90264f33305004495a9","hash":"96230e998c3dd162edf4477a86f7f6995a202fa0"}
,"/home/ghofrandayyat/code-401/auth-api/auth-server/src/error-handlers/404.js": {"path":"/home/ghofrandayyat/code-401/auth-api/auth-server/src/error-handlers/404.js","statementMap":{"0":{"start":{"line":3,"column":0},"end":{"line":10,"column":2}},"1":{"start":{"line":4,"column":14},"end":{"line":4,"column":45}},"2":{"start":{"line":5,"column":2},"end":{"line":5,"column":23}},"3":{"start":{"line":6,"column":2},"end":{"line":6,"column":34}},"4":{"start":{"line":7,"column":2},"end":{"line":7,"column":52}},"5":{"start":{"line":8,"column":2},"end":{"line":8,"column":35}},"6":{"start":{"line":9,"column":2},"end":{"line":9,"column":12}}},"fnMap":{"0":{"name":"(anonymous_0)","decl":{"start":{"line":3,"column":17},"end":{"line":3,"column":18}},"loc":{"start":{"line":3,"column":35},"end":{"line":10,"column":1}},"line":3}},"branchMap":{},"s":{"0":2,"1":0,"2":0,"3":0,"4":0,"5":0,"6":0},"f":{"0":0},"b":{},"_coverageSchema":"1a1c01bbd47fc00a2c39e90264f33305004495a9","hash":"985606c5d3088a0fea6e27106270339b5c48fbe6"}
,"/home/ghofrandayyat/code-401/auth-api/auth-server/src/error-handlers/500.js": {"path":"/home/ghofrandayyat/code-401/auth-api/auth-server/src/error-handlers/500.js","statementMap":{"0":{"start":{"line":3,"column":0},"end":{"line":10,"column":2}},"1":{"start":{"line":4,"column":14},"end":{"line":4,"column":43}},"2":{"start":{"line":5,"column":2},"end":{"line":5,"column":37}},"3":{"start":{"line":6,"column":2},"end":{"line":6,"column":58}},"4":{"start":{"line":7,"column":2},"end":{"line":7,"column":52}},"5":{"start":{"line":8,"column":2},"end":{"line":8,"column":35}},"6":{"start":{"line":9,"column":2},"end":{"line":9,"column":12}}},"fnMap":{"0":{"name":"(anonymous_0)","decl":{"start":{"line":3,"column":17},"end":{"line":3,"column":18}},"loc":{"start":{"line":3,"column":42},"end":{"line":10,"column":1}},"line":3}},"branchMap":{"0":{"loc":{"start":{"line":4,"column":23},"end":{"line":4,"column":41}},"type":"binary-expr","locations":[{"start":{"line":4,"column":23},"end":{"line":4,"column":34}},{"start":{"line":4,"column":38},"end":{"line":4,"column":41}}],"line":4},"1":{"loc":{"start":{"line":5,"column":19},"end":{"line":5,"column":36}},"type":"binary-expr","locations":[{"start":{"line":5,"column":19},"end":{"line":5,"column":29}},{"start":{"line":5,"column":33},"end":{"line":5,"column":36}}],"line":5},"2":{"loc":{"start":{"line":6,"column":22},"end":{"line":6,"column":57}},"type":"binary-expr","locations":[{"start":{"line":6,"column":22},"end":{"line":6,"column":39}},{"start":{"line":6,"column":43},"end":{"line":6,"column":57}}],"line":6}},"s":{"0":2,"1":0,"2":0,"3":0,"4":0,"5":0,"6":0},"f":{"0":0},"b":{"0":[0,0],"1":[0,0],"2":[0,0]},"_coverageSchema":"1a1c01bbd47fc00a2c39e90264f33305004495a9","hash":"b02faf3a3c297b8be578c44f958f4f949fd76188"}
}
