TN:
SF:api-server/src/middleware/logger.js
FN:5,(anonymous_0)
FNF:1
FNH:1
FNDA:9,(anonymous_0)
DA:5,2
DA:6,9
DA:9,9
DA:12,2
LF:4
LH:4
BRF:0
BRH:0
end_of_record
TN:
SF:api-server/src/models/data-collection.js
FN:9,(anonymous_0)
FN:13,(anonymous_1)
FN:22,(anonymous_2)
FN:27,(anonymous_3)
FN:31,(anonymous_4)
FNF:5
FNH:5
FNDA:1,(anonymous_0)
FNDA:4,(anonymous_1)
FNDA:1,(anonymous_2)
FNDA:1,(anonymous_3)
FNDA:1,(anonymous_4)
DA:10,1
DA:14,4
DA:15,2
DA:18,2
DA:23,1
DA:24,1
DA:28,1
DA:32,1
DA:37,2
LF:9
LH:9
BRDA:14,0,0,2
BRDA:14,0,1,2
BRF:2
BRH:2
end_of_record
TN:
SF:api-server/src/models/food/model.js
FNF:0
FNH:0
DA:3,1
DA:5,1
DA:11,1
DA:13,1
LF:4
LH:4
BRF:0
BRH:0
end_of_record
TN:
SF:api-server/src/routes/v1.js
FN:11,(anonymous_0)
FN:36,handleGetAll
FN:41,handleGetOne
FN:47,handleCreate
FN:53,handleUpdate
FN:60,handleDelete
FNF:6
FNH:6
FNDA:7,(anonymous_0)
FNDA:2,handleGetAll
FNDA:2,handleGetOne
FNDA:1,handleCreate
FNDA:1,handleUpdate
FNDA:1,handleDelete
DA:3,2
DA:4,2
DA:5,2
DA:7,2
DA:9,2
DA:11,2
DA:12,7
DA:13,7
DA:14,6
DA:15,6
DA:17,1
DA:18,1
DA:19,1
DA:20,1
DA:21,1
DA:22,1
DA:25,0
DA:30,2
DA:31,2
DA:32,2
DA:33,2
DA:34,2
DA:37,2
DA:38,2
DA:42,2
DA:43,2
DA:44,2
DA:48,1
DA:49,1
DA:50,1
DA:54,1
DA:55,1
DA:56,1
DA:57,1
DA:61,1
DA:62,1
DA:63,1
DA:67,2
LF:38
LH:37
BRDA:13,0,0,6
BRDA:13,0,1,1
BRDA:18,1,0,1
BRDA:18,1,1,0
BRF:4
BRH:3
end_of_record
TN:
SF:api-server/src/routes/v2.js
FN:13,(anonymous_0)
FN:38,handleGetAll
FN:43,handleGetOne
FN:49,handleCreate
FN:55,handleUpdate
FN:62,handleDelete
FNF:6
FNH:0
FNDA:0,(anonymous_0)
FNDA:0,handleGetAll
FNDA:0,handleGetOne
FNDA:0,handleCreate
FNDA:0,handleUpdate
FNDA:0,handleDelete
DA:3,2
DA:4,2
DA:5,2
DA:6,2
DA:7,2
DA:8,2
DA:9,2
DA:11,2
DA:13,2
DA:14,0
DA:15,0
DA:16,0
DA:17,0
DA:19,0
DA:20,0
DA:21,0
DA:22,0
DA:23,0
DA:24,0
DA:27,0
DA:32,2
DA:33,2
DA:34,2
DA:35,2
DA:36,2
DA:39,0
DA:40,0
DA:44,0
DA:45,0
DA:46,0
DA:50,0
DA:51,0
DA:52,0
DA:56,0
DA:57,0
DA:58,0
DA:59,0
DA:63,0
DA:64,0
DA:65,0
DA:69,2
LF:41
LH:15
BRDA:15,0,0,0
BRDA:15,0,1,0
BRDA:20,1,0,0
BRDA:20,1,1,0
BRF:4
BRH:0
end_of_record
TN:
SF:auth-server/src/server.js
FN:37,(anonymous_0)
FN:38,(anonymous_1)
FNF:2
FNH:0
FNDA:0,(anonymous_0)
FNDA:0,(anonymous_1)
DA:4,2
DA:5,2
DA:6,2
DA:9,2
DA:10,2
DA:11,2
DA:12,2
DA:13,2
DA:14,2
DA:16,2
DA:19,2
DA:20,2
DA:22,2
DA:23,2
DA:25,2
DA:28,2
DA:29,2
DA:30,2
DA:32,2
DA:33,2
DA:35,2
DA:38,0
DA:39,0
LF:23
LH:21
BRF:0
BRH:0
end_of_record
TN:
SF:auth-server/src/auth/routes.js
FN:11,(anonymous_0)
FN:25,(anonymous_1)
FN:33,(anonymous_2)
FN:35,(anonymous_3)
FN:39,(anonymous_4)
FNF:5
FNH:2
FNDA:1,(anonymous_0)
FNDA:1,(anonymous_1)
FNDA:0,(anonymous_2)
FNDA:0,(anonymous_3)
FNDA:0,(anonymous_4)
DA:3,2
DA:4,2
DA:6,2
DA:7,2
DA:8,2
DA:9,2
DA:11,2
DA:12,1
DA:13,1
DA:14,1
DA:15,1
DA:19,1
DA:21,0
DA:25,2
DA:26,1
DA:30,1
DA:33,2
DA:34,0
DA:35,0
DA:36,0
DA:39,2
DA:40,0
DA:43,2
LF:23
LH:18
BRF:0
BRH:0
end_of_record
TN:
SF:auth-server/src/auth/middleware/acl.js
FN:3,(anonymous_0)
FN:5,(anonymous_1)
FNF:2
FNH:1
FNDA:8,(anonymous_0)
FNDA:0,(anonymous_1)
DA:3,2
DA:5,8
DA:7,0
DA:8,0
DA:9,0
DA:12,0
DA:15,0
LF:7
LH:2
BRDA:8,0,0,0
BRDA:8,0,1,0
BRF:2
BRH:0
end_of_record
TN:
SF:auth-server/src/auth/middleware/basic.js
FN:6,(anonymous_0)
FN:20,_authError
FNF:2
FNH:1
FNDA:1,(anonymous_0)
FNDA:0,_authError
DA:3,2
DA:4,2
DA:6,2
DA:8,1
DA:10,1
DA:11,1
DA:13,1
DA:14,1
DA:15,1
DA:17,0
DA:21,0
LF:11
LH:9
BRDA:8,0,0,0
BRDA:8,0,1,1
BRF:2
BRH:1
end_of_record
TN:
SF:auth-server/src/auth/middleware/bearer.js
FN:5,(anonymous_0)
FN:22,_authError
FNF:2
FNH:0
FNDA:0,(anonymous_0)
FNDA:0,_authError
DA:3,2
DA:5,2
DA:7,0
DA:9,0
DA:11,0
DA:12,0
DA:14,0
DA:15,0
DA:16,0
DA:19,0
DA:23,0
LF:11
LH:2
BRDA:9,0,0,0
BRDA:9,0,1,0
BRF:2
BRH:0
end_of_record
TN:
SF:auth-server/src/auth/models/users.js
FN:17,(anonymous_0)
FN:24,(anonymous_1)
FN:33,(anonymous_2)
FN:40,(anonymous_3)
FN:48,(anonymous_4)
FNF:5
FNH:3
FNDA:2,(anonymous_0)
FNDA:0,(anonymous_1)
FNDA:1,(anonymous_2)
FNDA:1,(anonymous_3)
FNDA:0,(anonymous_4)
DA:2,2
DA:4,2
DA:5,2
DA:6,2
DA:8,2
DA:17,2
DA:18,2
DA:21,2
DA:24,2
DA:25,0
DA:30,0
DA:33,2
DA:34,1
DA:35,1
DA:40,2
DA:41,1
DA:42,1
DA:43,1
DA:44,0
DA:48,2
DA:49,0
DA:50,0
DA:51,0
DA:52,0
DA:53,0
DA:55,0
DA:60,2
LF:27
LH:18
BRDA:34,0,0,1
BRDA:34,0,1,0
BRDA:43,1,0,1
BRDA:43,1,1,0
BRDA:52,2,0,0
BRDA:52,2,1,0
BRF:6
BRH:2
end_of_record
TN:
SF:auth-server/src/error-handlers/404.js
FN:3,(anonymous_0)
FNF:1
FNH:0
FNDA:0,(anonymous_0)
DA:3,2
DA:4,0
DA:5,0
DA:6,0
DA:7,0
DA:8,0
DA:9,0
LF:7
LH:1
BRF:0
BRH:0
end_of_record
TN:
SF:auth-server/src/error-handlers/500.js
FN:3,(anonymous_0)
FNF:1
FNH:0
FNDA:0,(anonymous_0)
DA:3,2
DA:4,0
DA:5,0
DA:6,0
DA:7,0
DA:8,0
DA:9,0
LF:7
LH:1
BRDA:4,0,0,0
BRDA:4,0,1,0
BRDA:5,1,0,0
BRDA:5,1,1,0
BRDA:6,2,0,0
BRDA:6,2,1,0
BRF:6
BRH:0
end_of_record
